2018/03/22 16:49:28 INFO Application started
2018/03/22 17:01:21 INFO Application started
2018/03/22 17:04:22 INFO Application started
2018/03/22 17:05:17 INFO Application started
2018/03/22 17:06:53 INFO Application started
2018/03/23 10:01:47 INFO Application started
2018/03/23 10:22:33 INFO Application started
2018/03/23 10:22:33 INFO APP_PORT=8090
2018/03/23 10:22:33 INFO DOCD_PORT=8888
2018/03/23 10:22:33 INFO DOCD_HOST=docd
2018/03/23 10:22:33 INFO BDC_POLL_FROM=/
2018/03/23 10:22:33 INFO GRAO_DBX_CURSOR=/cursor
2018/03/23 10:22:33 INFO GRAO_LOG_FILE=rao.log
2018/03/23 10:22:33 INFO GRAO_DBX_ROOT=/
2018/03/23 10:22:33 INFO GRAO_POLL_EVERY=@daily
2018/03/23 10:22:33 INFO GRAO_LOG_LEVEL=DEBUG
2018/03/23 10:26:15 INFO Application started
2018/03/23 10:26:15 INFO APP_PORT=8090
2018/03/23 10:26:15 INFO DOCD_PORT=8888
2018/03/23 10:26:15 INFO DOCD_HOST=docd
2018/03/23 10:26:15 INFO BDC_POLL_FROM=/
2018/03/23 10:26:15 INFO GRAO_DBX_CURSOR=/cursor
2018/03/23 10:26:15 INFO GRAO_LOG_FILE=rao.log
2018/03/23 10:26:15 INFO GRAO_DBX_ROOT=/
2018/03/23 10:26:15 INFO GRAO_POLL_EVERY=@daily
2018/03/23 10:26:15 INFO GRAO_LOG_LEVEL=DEBUG
